# JRE version: OpenJDK Runtime Environment (8.0_275-b01) (build 1.8.0_275-b01)
# Java VM: OpenJDK 64-Bit Server VM (25.275-b01 mixed mode windows-amd64 compressed oops)
Heap:
 PSYoungGen      total 203264K, used 68023K [0x0000000780000000, 0x000000078e700000, 0x00000007c0000000)
  eden space 184320K, 26% used [0x0000000780000000,0x0000000782ff2b78,0x000000078b400000)
  from space 18944K, 99% used [0x000000078cb00000,0x000000078dd7b480,0x000000078dd80000)
  to   space 23552K, 0% used [0x000000078b400000,0x000000078b400000,0x000000078cb00000)
 ParOldGen       total 94720K, used 33323K [0x0000000700000000, 0x0000000705c80000, 0x0000000780000000)
  object space 94720K, 35% used [0x0000000700000000,0x000000070208ac58,0x0000000705c80000)
 Metaspace       used 54114K, capacity 55184K, committed 55552K, reserved 1097728K
  class space    used 7578K, capacity 7847K, committed 7936K, reserved 1048576K
GC Heap History (10 events):
Event: 6.147 GC heap before
{Heap before GC invocations=14 (full 2):
 PSYoungGen      total 113664K, used 106841K [0x0000000780000000, 0x0000000789500000, 0x00000007c0000000)
  eden space 102400K, 93% used [0x0000000780000000,0x0000000785d5a3a0,0x0000000786400000)
  from space 11264K, 99% used [0x0000000786400000,0x0000000786efc0c0,0x0000000786f00000)
  to   space 13312K, 0% used [0x0000000788800000,0x0000000788800000,0x0000000789500000)
 ParOldGen       total 94720K, used 16820K [0x0000000700000000, 0x0000000705c80000, 0x0000000780000000)
  object space 94720K, 17% used [0x0000000700000000,0x000000070106d3c0,0x0000000705c80000)
 Metaspace       used 45554K, capacity 46358K, committed 46592K, reserved 1089536K
  class space    used 6392K, capacity 6628K, committed 6656K, reserved 1048576K
Event: 6.156 GC heap after
Heap after GC invocations=14 (full 2):
 PSYoungGen      total 135680K, used 13296K [0x0000000780000000, 0x0000000789f80000, 0x00000007c0000000)
  eden space 122368K, 0% used [0x0000000780000000,0x0000000780000000,0x0000000787780000)
  from space 13312K, 99% used [0x0000000788800000,0x00000007894fc0d0,0x0000000789500000)
  to   space 16896K, 0% used [0x0000000787780000,0x0000000787780000,0x0000000788800000)
 ParOldGen       total 94720K, used 22317K [0x0000000700000000, 0x0000000705c80000, 0x0000000780000000)
  object space 94720K, 23% used [0x0000000700000000,0x00000007015cb640,0x0000000705c80000)
 Metaspace       used 45554K, capacity 46358K, committed 46592K, reserved 1089536K
  class space    used 6392K, capacity 6628K, committed 6656K, reserved 1048576K
}
Event: 6.567 GC heap before
{Heap before GC invocations=15 (full 2):
 PSYoungGen      total 135680K, used 135664K [0x0000000780000000, 0x0000000789f80000, 0x00000007c0000000)
  eden space 122368K, 100% used [0x0000000780000000,0x0000000787780000,0x0000000787780000)
  from space 13312K, 99% used [0x0000000788800000,0x00000007894fc0d0,0x0000000789500000)
  to   space 16896K, 0% used [0x0000000787780000,0x0000000787780000,0x0000000788800000)
 ParOldGen       total 94720K, used 22317K [0x0000000700000000, 0x0000000705c80000, 0x0000000780000000)
  object space 94720K, 23% used [0x0000000700000000,0x00000007015cb640,0x0000000705c80000)
 Metaspace       used 47328K, capacity 48354K, committed 48512K, reserved 1091584K
  class space    used 6665K, capacity 6930K, committed 7040K, reserved 1048576K
Event: 6.572 GC heap after
Heap after GC invocations=15 (full 2):
 PSYoungGen      total 139264K, used 1933K [0x0000000780000000, 0x000000078b880000, 0x00000007c0000000)
  eden space 122368K, 0% used [0x0000000780000000,0x0000000780000000,0x0000000787780000)
  from space 16896K, 11% used [0x0000000787780000,0x00000007879637a0,0x0000000788800000)
  to   space 17408K, 0% used [0x000000078a780000,0x000000078a780000,0x000000078b880000)
 ParOldGen       total 94720K, used 28141K [0x0000000700000000, 0x0000000705c80000, 0x0000000780000000)
  object space 94720K, 29% used [0x0000000700000000,0x0000000701b7b730,0x0000000705c80000)
 Metaspace       used 47328K, capacity 48354K, committed 48512K, reserved 1091584K
  class space    used 6665K, capacity 6930K, committed 7040K, reserved 1048576K
}
Event: 7.055 GC heap before
{Heap before GC invocations=16 (full 2):
 PSYoungGen      total 139264K, used 119879K [0x0000000780000000, 0x000000078b880000, 0x00000007c0000000)
  eden space 122368K, 96% used [0x0000000780000000,0x000000078732e568,0x0000000787780000)
  from space 16896K, 11% used [0x0000000787780000,0x00000007879637a0,0x0000000788800000)
  to   space 17408K, 0% used [0x000000078a780000,0x000000078a780000,0x000000078b880000)
 ParOldGen       total 94720K, used 28141K [0x0000000700000000, 0x0000000705c80000, 0x0000000780000000)
  object space 94720K, 29% used [0x0000000700000000,0x0000000701b7b730,0x0000000705c80000)
 Metaspace       used 48888K, capacity 50032K, committed 50304K, reserved 1091584K
  class space    used 6930K, capacity 7201K, committed 7296K, reserved 1048576K
Event: 7.060 GC heap after
Heap after GC invocations=16 (full 2):
 PSYoungGen      total 169472K, used 15935K [0x0000000780000000, 0x000000078bb80000, 0x00000007c0000000)
  eden space 152064K, 0% used [0x0000000780000000,0x0000000780000000,0x0000000789480000)
  from space 17408K, 91% used [0x000000078a780000,0x000000078b70fc98,0x000000078b880000)
  to   space 19456K, 0% used [0x0000000789480000,0x0000000789480000,0x000000078a780000)
 ParOldGen       total 94720K, used 28149K [0x0000000700000000, 0x0000000705c80000, 0x0000000780000000)
  object space 94720K, 29% used [0x0000000700000000,0x0000000701b7d730,0x0000000705c80000)
 Metaspace       used 48888K, capacity 50032K, committed 50304K, reserved 1091584K
  class space    used 6930K, capacity 7201K, committed 7296K, reserved 1048576K
}
Event: 7.312 GC heap before
{Heap before GC invocations=17 (full 2):
 PSYoungGen      total 169472K, used 167674K [0x0000000780000000, 0x000000078bb80000, 0x00000007c0000000)
  eden space 152064K, 99% used [0x0000000780000000,0x000000078942ee80,0x0000000789480000)
  from space 17408K, 91% used [0x000000078a780000,0x000000078b70fc98,0x000000078b880000)
  to   space 19456K, 0% used [0x0000000789480000,0x0000000789480000,0x000000078a780000)
 ParOldGen       total 94720K, used 28149K [0x0000000700000000, 0x0000000705c80000, 0x0000000780000000)
  object space 94720K, 29% used [0x0000000700000000,0x0000000701b7d730,0x0000000705c80000)
 Metaspace       used 48978K, capacity 50070K, committed 50304K, reserved 1091584K
  class space    used 6933K, capacity 7234K, committed 7296K, reserved 1048576K
Event: 7.315 GC heap after
Heap after GC invocations=17 (full 2):
 PSYoungGen      total 171520K, used 4416K [0x0000000780000000, 0x000000078dd80000, 0x00000007c0000000)
  eden space 152064K, 0% used [0x0000000780000000,0x0000000780000000,0x0000000789480000)
  from space 19456K, 22% used [0x0000000789480000,0x00000007898d00b0,0x000000078a780000)
  to   space 18944K, 0% used [0x000000078cb00000,0x000000078cb00000,0x000000078dd80000)
 ParOldGen       total 94720K, used 28157K [0x0000000700000000, 0x0000000705c80000, 0x0000000780000000)
  object space 94720K, 29% used [0x0000000700000000,0x0000000701b7f730,0x0000000705c80000)
 Metaspace       used 48978K, capacity 50070K, committed 50304K, reserved 1091584K
  class space    used 6933K, capacity 7234K, committed 7296K, reserved 1048576K
}
Event: 8.601 GC heap before
{Heap before GC invocations=18 (full 2):
 PSYoungGen      total 171520K, used 156480K [0x0000000780000000, 0x000000078dd80000, 0x00000007c0000000)
  eden space 152064K, 100% used [0x0000000780000000,0x0000000789480000,0x0000000789480000)
  from space 19456K, 22% used [0x0000000789480000,0x00000007898d00b0,0x000000078a780000)
  to   space 18944K, 0% used [0x000000078cb00000,0x000000078cb00000,0x000000078dd80000)
 ParOldGen       total 94720K, used 28157K [0x0000000700000000, 0x0000000705c80000, 0x0000000780000000)
  object space 94720K, 29% used [0x0000000700000000,0x0000000701b7f730,0x0000000705c80000)
 Metaspace       used 50828K, capacity 51958K, committed 52096K, reserved 1093632K
  class space    used 7178K, capacity 7458K, committed 7552K, reserved 1048576K
Event: 8.620 GC heap after
Heap after GC invocations=18 (full 2):
 PSYoungGen      total 203264K, used 18925K [0x0000000780000000, 0x000000078e700000, 0x00000007c0000000)
  eden space 184320K, 0% used [0x0000000780000000,0x0000000780000000,0x000000078b400000)
  from space 18944K, 99% used [0x000000078cb00000,0x000000078dd7b480,0x000000078dd80000)
  to   space 23552K, 0% used [0x000000078b400000,0x000000078b400000,0x000000078cb00000)
 ParOldGen       total 94720K, used 33323K [0x0000000700000000, 0x0000000705c80000, 0x0000000780000000)
  object space 94720K, 35% used [0x0000000700000000,0x000000070208ac58,0x0000000705c80000)
 Metaspace       used 50828K, capacity 51958K, committed 52096K, reserved 1093632K
  class space    used 7178K, capacity 7458K, committed 7552K, reserved 1048576K
}

