# JRE version: OpenJDK Runtime Environment (8.0_275-b01) (build 1.8.0_275-b01)
# Java VM: OpenJDK 64-Bit Server VM (25.275-b01 mixed mode windows-amd64 compressed oops)
Heap:
 PSYoungGen      total 886272K, used 102882K [0x0000000780000000, 0x00000007c0000000, 0x00000007c0000000)
  eden space 783360K, 0% used [0x0000000780000000,0x0000000780000000,0x00000007afd00000)
  from space 102912K, 99% used [0x00000007afd00000,0x00000007b6178bf8,0x00000007b6180000)
  to   space 147456K, 0% used [0x00000007b7000000,0x00000007b7000000,0x00000007c0000000)
 ParOldGen       total 999936K, used 946183K [0x0000000700000000, 0x000000073d080000, 0x0000000780000000)
  object space 999936K, 94% used [0x0000000700000000,0x0000000739c01eb8,0x000000073d080000)
 Metaspace       used 147626K, capacity 151888K, committed 152064K, reserved 1181696K
  class space    used 19740K, capacity 20356K, committed 20480K, reserved 1048576K
GC Heap History (10 events):
Event: 9191.297 GC heap after
Heap after GC invocations=80 (full 7):
 PSYoungGen      total 886784K, used 56877K [0x0000000780000000, 0x00000007c0000000, 0x00000007c0000000)
  eden space 747008K, 0% used [0x0000000780000000,0x0000000780000000,0x00000007ad980000)
  from space 139776K, 40% used [0x00000007ad980000,0x00000007b110b750,0x00000007b6200000)
  to   space 137216K, 0% used [0x00000007b7a00000,0x00000007b7a00000,0x00000007c0000000)
 ParOldGen       total 999936K, used 852259K [0x0000000700000000, 0x000000073d080000, 0x0000000780000000)
  object space 999936K, 85% used [0x0000000700000000,0x0000000734048d10,0x000000073d080000)
 Metaspace       used 139468K, capacity 143594K, committed 144000K, reserved 1173504K
  class space    used 18630K, capacity 19231K, committed 19328K, reserved 1048576K
}
Event: 9195.719 GC heap before
{Heap before GC invocations=81 (full 7):
 PSYoungGen      total 886784K, used 792424K [0x0000000780000000, 0x00000007c0000000, 0x00000007c0000000)
  eden space 747008K, 98% used [0x0000000780000000,0x00000007ace4e9c8,0x00000007ad980000)
  from space 139776K, 40% used [0x00000007ad980000,0x00000007b110b750,0x00000007b6200000)
  to   space 137216K, 0% used [0x00000007b7a00000,0x00000007b7a00000,0x00000007c0000000)
 ParOldGen       total 999936K, used 852259K [0x0000000700000000, 0x000000073d080000, 0x0000000780000000)
  object space 999936K, 85% used [0x0000000700000000,0x0000000734048d10,0x000000073d080000)
 Metaspace       used 139472K, capacity 143594K, committed 144000K, reserved 1173504K
  class space    used 18630K, capacity 19231K, committed 19328K, reserved 1048576K
Event: 9195.749 GC heap after
Heap after GC invocations=81 (full 7):
 PSYoungGen      total 892928K, used 18288K [0x0000000780000000, 0x00000007bf080000, 0x00000007c0000000)
  eden space 771584K, 0% used [0x0000000780000000,0x0000000780000000,0x00000007af180000)
  from space 121344K, 15% used [0x00000007b7a00000,0x00000007b8bdc0a0,0x00000007bf080000)
  to   space 130560K, 0% used [0x00000007af180000,0x00000007af180000,0x00000007b7100000)
 ParOldGen       total 999936K, used 897379K [0x0000000700000000, 0x000000073d080000, 0x0000000780000000)
  object space 999936K, 89% used [0x0000000700000000,0x0000000736c58c88,0x000000073d080000)
 Metaspace       used 139472K, capacity 143594K, committed 144000K, reserved 1173504K
  class space    used 18630K, capacity 19231K, committed 19328K, reserved 1048576K
}
Event: 9393.501 GC heap before
{Heap before GC invocations=82 (full 7):
 PSYoungGen      total 892928K, used 787163K [0x0000000780000000, 0x00000007bf080000, 0x00000007c0000000)
  eden space 771584K, 99% used [0x0000000780000000,0x00000007aeedae98,0x00000007af180000)
  from space 121344K, 15% used [0x00000007b7a00000,0x00000007b8bdc0a0,0x00000007bf080000)
  to   space 130560K, 0% used [0x00000007af180000,0x00000007af180000,0x00000007b7100000)
 ParOldGen       total 999936K, used 897379K [0x0000000700000000, 0x000000073d080000, 0x0000000780000000)
  object space 999936K, 89% used [0x0000000700000000,0x0000000736c58c88,0x000000073d080000)
 Metaspace       used 139536K, capacity 143722K, committed 144000K, reserved 1173504K
  class space    used 18630K, capacity 19231K, committed 19328K, reserved 1048576K
Event: 9393.587 GC heap after
Heap after GC invocations=82 (full 7):
 PSYoungGen      total 902144K, used 8480K [0x0000000780000000, 0x00000007c0000000, 0x00000007c0000000)
  eden space 771584K, 0% used [0x0000000780000000,0x0000000780000000,0x00000007af180000)
  from space 130560K, 6% used [0x00000007af180000,0x00000007af9c80a0,0x00000007b7100000)
  to   space 125952K, 0% used [0x00000007b8500000,0x00000007b8500000,0x00000007c0000000)
 ParOldGen       total 999936K, used 897443K [0x0000000700000000, 0x000000073d080000, 0x0000000780000000)
  object space 999936K, 89% used [0x0000000700000000,0x0000000736c68c88,0x000000073d080000)
 Metaspace       used 139536K, capacity 143722K, committed 144000K, reserved 1173504K
  class space    used 18630K, capacity 19231K, committed 19328K, reserved 1048576K
}
Event: 9869.587 GC heap before
{Heap before GC invocations=83 (full 7):
 PSYoungGen      total 902144K, used 779782K [0x0000000780000000, 0x00000007c0000000, 0x00000007c0000000)
  eden space 771584K, 99% used [0x0000000780000000,0x00000007af139910,0x00000007af180000)
  from space 130560K, 6% used [0x00000007af180000,0x00000007af9c80a0,0x00000007b7100000)
  to   space 125952K, 0% used [0x00000007b8500000,0x00000007b8500000,0x00000007c0000000)
 ParOldGen       total 999936K, used 897443K [0x0000000700000000, 0x000000073d080000, 0x0000000780000000)
  object space 999936K, 89% used [0x0000000700000000,0x0000000736c68c88,0x000000073d080000)
 Metaspace       used 143592K, capacity 147808K, committed 148224K, reserved 1177600K
  class space    used 19185K, capacity 19794K, committed 19968K, reserved 1048576K
Event: 9869.992 GC heap after
Heap after GC invocations=83 (full 7):
 PSYoungGen      total 909312K, used 76207K [0x0000000780000000, 0x00000007c0000000, 0x00000007c0000000)
  eden space 783360K, 0% used [0x0000000780000000,0x0000000780000000,0x00000007afd00000)
  from space 125952K, 60% used [0x00000007b8500000,0x00000007bcf6bcc0,0x00000007c0000000)
  to   space 132608K, 0% used [0x00000007afd00000,0x00000007afd00000,0x00000007b7e80000)
 ParOldGen       total 999936K, used 897671K [0x0000000700000000, 0x000000073d080000, 0x0000000780000000)
  object space 999936K, 89% used [0x0000000700000000,0x0000000736ca1d18,0x000000073d080000)
 Metaspace       used 143592K, capacity 147808K, committed 148224K, reserved 1177600K
  class space    used 19185K, capacity 19794K, committed 19968K, reserved 1048576K
}
Event: 9878.818 GC heap before
{Heap before GC invocations=84 (full 7):
 PSYoungGen      total 909312K, used 849715K [0x0000000780000000, 0x00000007c0000000, 0x00000007c0000000)
  eden space 783360K, 98% used [0x0000000780000000,0x00000007af361328,0x00000007afd00000)
  from space 125952K, 60% used [0x00000007b8500000,0x00000007bcf6bcc0,0x00000007c0000000)
  to   space 132608K, 0% used [0x00000007afd00000,0x00000007afd00000,0x00000007b7e80000)
 ParOldGen       total 999936K, used 897671K [0x0000000700000000, 0x000000073d080000, 0x0000000780000000)
  object space 999936K, 89% used [0x0000000700000000,0x0000000736ca1d18,0x000000073d080000)
 Metaspace       used 147626K, capacity 151888K, committed 152064K, reserved 1181696K
  class space    used 19740K, capacity 20356K, committed 20480K, reserved 1048576K
Event: 9879.353 GC heap after
Heap after GC invocations=84 (full 7):
 PSYoungGen      total 886272K, used 102882K [0x0000000780000000, 0x00000007c0000000, 0x00000007c0000000)
  eden space 783360K, 0% used [0x0000000780000000,0x0000000780000000,0x00000007afd00000)
  from space 102912K, 99% used [0x00000007afd00000,0x00000007b6178bf8,0x00000007b6180000)
  to   space 147456K, 0% used [0x00000007b7000000,0x00000007b7000000,0x00000007c0000000)
 ParOldGen       total 999936K, used 946183K [0x0000000700000000, 0x000000073d080000, 0x0000000780000000)
  object space 999936K, 94% used [0x0000000700000000,0x0000000739c01eb8,0x000000073d080000)
 Metaspace       used 147626K, capacity 151888K, committed 152064K, reserved 1181696K
  class space    used 19740K, capacity 20356K, committed 20480K, reserved 1048576K
}
Event: 9879.354 GC heap before
{Heap before GC invocations=85 (full 8):
 PSYoungGen      total 886272K, used 102882K [0x0000000780000000, 0x00000007c0000000, 0x00000007c0000000)
  eden space 783360K, 0% used [0x0000000780000000,0x0000000780000000,0x00000007afd00000)
  from space 102912K, 99% used [0x00000007afd00000,0x00000007b6178bf8,0x00000007b6180000)
  to   space 147456K, 0% used [0x00000007b7000000,0x00000007b7000000,0x00000007c0000000)
 ParOldGen       total 999936K, used 946183K [0x0000000700000000, 0x000000073d080000, 0x0000000780000000)
  object space 999936K, 94% used [0x0000000700000000,0x0000000739c01eb8,0x000000073d080000)
 Metaspace       used 147626K, capacity 151888K, committed 152064K, reserved 1181696K
  class space    used 19740K, capacity 20356K, committed 20480K, reserved 1048576K

