# JRE version: OpenJDK Runtime Environment (8.0_282-b08) (build 1.8.0_282-b08)
# Java VM: OpenJDK 64-Bit Server VM (25.282-b08 mixed mode windows-amd64 compressed oops)
Heap:
 PSYoungGen      total 592384K, used 253336K [0x0000000780000000, 0x00000007a7e00000, 0x00000007c0000000)
  eden space 534016K, 40% used [0x0000000780000000,0x000000078d4e30e8,0x00000007a0980000)
  from space 58368K, 60% used [0x00000007a4280000,0x00000007a6502ff0,0x00000007a7b80000)
  to   space 58368K, 0% used [0x00000007a0980000,0x00000007a0980000,0x00000007a4280000)
 ParOldGen       total 310784K, used 93143K [0x0000000700000000, 0x0000000712f80000, 0x0000000780000000)
  object space 310784K, 29% used [0x0000000700000000,0x0000000705af5d78,0x0000000712f80000)
 Metaspace       used 66367K, capacity 67654K, committed 67968K, reserved 1107968K
  class space    used 8913K, capacity 9239K, committed 9344K, reserved 1048576K
GC Heap History (10 events):
Event: 12.357 GC heap before
{Heap before GC invocations=15 (full 2):
 PSYoungGen      total 342016K, used 221866K [0x0000000780000000, 0x0000000797d00000, 0x00000007c0000000)
  eden space 312320K, 61% used [0x0000000780000000,0x000000078bbab0a8,0x0000000793100000)
  from space 29696K, 99% used [0x0000000795480000,0x000000079717f840,0x0000000797180000)
  to   space 36352K, 0% used [0x0000000793100000,0x0000000793100000,0x0000000795480000)
 ParOldGen       total 175616K, used 53834K [0x0000000700000000, 0x000000070ab80000, 0x0000000780000000)
  object space 175616K, 30% used [0x0000000700000000,0x0000000703492890,0x000000070ab80000)
 Metaspace       used 57754K, capacity 59030K, committed 59160K, reserved 1099776K
  class space    used 7930K, capacity 8254K, committed 8320K, reserved 1048576K
Event: 12.405 GC heap after
Heap after GC invocations=15 (full 2):
 PSYoungGen      total 348672K, used 36338K [0x0000000780000000, 0x00000007a0600000, 0x00000007c0000000)
  eden space 312320K, 0% used [0x0000000780000000,0x0000000780000000,0x0000000793100000)
  from space 36352K, 99% used [0x0000000793100000,0x000000079547c9d8,0x0000000795480000)
  to   space 54272K, 0% used [0x000000079d100000,0x000000079d100000,0x00000007a0600000)
 ParOldGen       total 175616K, used 89015K [0x0000000700000000, 0x000000070ab80000, 0x0000000780000000)
  object space 175616K, 50% used [0x0000000700000000,0x00000007056edcc8,0x000000070ab80000)
 Metaspace       used 57754K, capacity 59030K, committed 59160K, reserved 1099776K
  class space    used 7930K, capacity 8254K, committed 8320K, reserved 1048576K
}
Event: 12.405 GC heap before
{Heap before GC invocations=16 (full 3):
 PSYoungGen      total 348672K, used 36338K [0x0000000780000000, 0x00000007a0600000, 0x00000007c0000000)
  eden space 312320K, 0% used [0x0000000780000000,0x0000000780000000,0x0000000793100000)
  from space 36352K, 99% used [0x0000000793100000,0x000000079547c9d8,0x0000000795480000)
  to   space 54272K, 0% used [0x000000079d100000,0x000000079d100000,0x00000007a0600000)
 ParOldGen       total 175616K, used 89015K [0x0000000700000000, 0x000000070ab80000, 0x0000000780000000)
  object space 175616K, 50% used [0x0000000700000000,0x00000007056edcc8,0x000000070ab80000)
 Metaspace       used 57754K, capacity 59030K, committed 59160K, reserved 1099776K
  class space    used 7930K, capacity 8254K, committed 8320K, reserved 1048576K
Event: 12.547 GC heap after
Heap after GC invocations=16 (full 3):
 PSYoungGen      total 348672K, used 0K [0x0000000780000000, 0x00000007a0600000, 0x00000007c0000000)
  eden space 312320K, 0% used [0x0000000780000000,0x0000000780000000,0x0000000793100000)
  from space 36352K, 0% used [0x0000000793100000,0x0000000793100000,0x0000000795480000)
  to   space 54272K, 0% used [0x000000079d100000,0x000000079d100000,0x00000007a0600000)
 ParOldGen       total 310784K, used 93127K [0x0000000700000000, 0x0000000712f80000, 0x0000000780000000)
  object space 310784K, 29% used [0x0000000700000000,0x0000000705af1d78,0x0000000712f80000)
 Metaspace       used 57739K, capacity 58988K, committed 59160K, reserved 1099776K
  class space    used 7925K, capacity 8245K, committed 8320K, reserved 1048576K
}
Event: 15.562 GC heap before
{Heap before GC invocations=17 (full 3):
 PSYoungGen      total 348672K, used 312320K [0x0000000780000000, 0x00000007a0600000, 0x00000007c0000000)
  eden space 312320K, 100% used [0x0000000780000000,0x0000000793100000,0x0000000793100000)
  from space 36352K, 0% used [0x0000000793100000,0x0000000793100000,0x0000000795480000)
  to   space 54272K, 0% used [0x000000079d100000,0x000000079d100000,0x00000007a0600000)
 ParOldGen       total 310784K, used 93127K [0x0000000700000000, 0x0000000712f80000, 0x0000000780000000)
  object space 310784K, 29% used [0x0000000700000000,0x0000000705af1d78,0x0000000712f80000)
 Metaspace       used 65548K, capacity 66830K, committed 67072K, reserved 1107968K
  class space    used 8858K, capacity 9188K, committed 9216K, reserved 1048576K
Event: 15.580 GC heap after
Heap after GC invocations=17 (full 3):
 PSYoungGen      total 459776K, used 36693K [0x0000000780000000, 0x00000007a0000000, 0x00000007c0000000)
  eden space 411648K, 0% used [0x0000000780000000,0x0000000780000000,0x0000000799200000)
  from space 48128K, 76% used [0x000000079d100000,0x000000079f4d5478,0x00000007a0000000)
  to   space 56320K, 0% used [0x0000000799200000,0x0000000799200000,0x000000079c900000)
 ParOldGen       total 310784K, used 93135K [0x0000000700000000, 0x0000000712f80000, 0x0000000780000000)
  object space 310784K, 29% used [0x0000000700000000,0x0000000705af3d78,0x0000000712f80000)
 Metaspace       used 65548K, capacity 66830K, committed 67072K, reserved 1107968K
  class space    used 8858K, capacity 9188K, committed 9216K, reserved 1048576K
}
Event: 17.581 GC heap before
{Heap before GC invocations=18 (full 3):
 PSYoungGen      total 459776K, used 448170K [0x0000000780000000, 0x00000007a0000000, 0x00000007c0000000)
  eden space 411648K, 99% used [0x0000000780000000,0x00000007991d56a0,0x0000000799200000)
  from space 48128K, 76% used [0x000000079d100000,0x000000079f4d5478,0x00000007a0000000)
  to   space 56320K, 0% used [0x0000000799200000,0x0000000799200000,0x000000079c900000)
 ParOldGen       total 310784K, used 93135K [0x0000000700000000, 0x0000000712f80000, 0x0000000780000000)
  object space 310784K, 29% used [0x0000000700000000,0x0000000705af3d78,0x0000000712f80000)
 Metaspace       used 65897K, capacity 67218K, committed 67456K, reserved 1107968K
  class space    used 8890K, capacity 9226K, committed 9344K, reserved 1048576K
Event: 17.597 GC heap after
Heap after GC invocations=18 (full 3):
 PSYoungGen      total 467968K, used 38209K [0x0000000780000000, 0x00000007a7b80000, 0x00000007c0000000)
  eden space 411648K, 0% used [0x0000000780000000,0x0000000780000000,0x0000000799200000)
  from space 56320K, 67% used [0x0000000799200000,0x000000079b750600,0x000000079c900000)
  to   space 58368K, 0% used [0x00000007a4280000,0x00000007a4280000,0x00000007a7b80000)
 ParOldGen       total 310784K, used 93143K [0x0000000700000000, 0x0000000712f80000, 0x0000000780000000)
  object space 310784K, 29% used [0x0000000700000000,0x0000000705af5d78,0x0000000712f80000)
 Metaspace       used 65897K, capacity 67218K, committed 67456K, reserved 1107968K
  class space    used 8890K, capacity 9226K, committed 9344K, reserved 1048576K
}
Event: 18.435 GC heap before
{Heap before GC invocations=19 (full 3):
 PSYoungGen      total 467968K, used 449857K [0x0000000780000000, 0x00000007a7b80000, 0x00000007c0000000)
  eden space 411648K, 100% used [0x0000000780000000,0x0000000799200000,0x0000000799200000)
  from space 56320K, 67% used [0x0000000799200000,0x000000079b750600,0x000000079c900000)
  to   space 58368K, 0% used [0x00000007a4280000,0x00000007a4280000,0x00000007a7b80000)
 ParOldGen       total 310784K, used 93143K [0x0000000700000000, 0x0000000712f80000, 0x0000000780000000)
  object space 310784K, 29% used [0x0000000700000000,0x0000000705af5d78,0x0000000712f80000)
 Metaspace       used 65897K, capacity 67218K, committed 67456K, reserved 1107968K
  class space    used 8890K, capacity 9226K, committed 9344K, reserved 1048576K
Event: 18.450 GC heap after
Heap after GC invocations=19 (full 3):
 PSYoungGen      total 592384K, used 35339K [0x0000000780000000, 0x00000007a7e00000, 0x00000007c0000000)
  eden space 534016K, 0% used [0x0000000780000000,0x0000000780000000,0x00000007a0980000)
  from space 58368K, 60% used [0x00000007a4280000,0x00000007a6502ff0,0x00000007a7b80000)
  to   space 58368K, 0% used [0x00000007a0980000,0x00000007a0980000,0x00000007a4280000)
 ParOldGen       total 310784K, used 93143K [0x0000000700000000, 0x0000000712f80000, 0x0000000780000000)
  object space 310784K, 29% used [0x0000000700000000,0x0000000705af5d78,0x0000000712f80000)
 Metaspace       used 65897K, capacity 67218K, committed 67456K, reserved 1107968K
  class space    used 8890K, capacity 9226K, committed 9344K, reserved 1048576K
}

