# JRE version: OpenJDK Runtime Environment (8.0_275-b01) (build 1.8.0_275-b01)
# Java VM: OpenJDK 64-Bit Server VM (25.275-b01 mixed mode windows-amd64 compressed oops)
Heap:
 PSYoungGen      total 111104K, used 53027K [0x0000000780000000, 0x0000000789680000, 0x00000007c0000000)
  eden space 99328K, 41% used [0x0000000780000000,0x000000078284ace0,0x0000000786100000)
  from space 11776K, 99% used [0x0000000787680000,0x00000007881fe2d8,0x0000000788200000)
  to   space 22016K, 0% used [0x0000000786100000,0x0000000786100000,0x0000000787680000)
 ParOldGen       total 100864K, used 40030K [0x0000000700000000, 0x0000000706280000, 0x0000000780000000)
  object space 100864K, 39% used [0x0000000700000000,0x00000007027178f0,0x0000000706280000)
 Metaspace       used 46070K, capacity 47024K, committed 47152K, reserved 1089536K
  class space    used 6412K, capacity 6696K, committed 6704K, reserved 1048576K
GC Heap History (10 events):
Event: 4.078 GC heap before
{Heap before GC invocations=10 (full 1):
 PSYoungGen      total 76800K, used 28430K [0x0000000780000000, 0x0000000786880000, 0x00000007c0000000)
  eden space 66048K, 30% used [0x0000000780000000,0x00000007813842b0,0x0000000784080000)
  from space 10752K, 78% used [0x0000000784b80000,0x00000007853bf858,0x0000000785600000)
  to   space 11264K, 0% used [0x0000000784080000,0x0000000784080000,0x0000000784b80000)
 ParOldGen       total 68096K, used 9409K [0x0000000700000000, 0x0000000704280000, 0x0000000780000000)
  object space 68096K, 13% used [0x0000000700000000,0x00000007009305a0,0x0000000704280000)
 Metaspace       used 34779K, capacity 35384K, committed 35496K, reserved 1079296K
  class space    used 4846K, capacity 5103K, committed 5168K, reserved 1048576K
Event: 4.099 GC heap after
Heap after GC invocations=10 (full 1):
 PSYoungGen      total 77312K, used 8532K [0x0000000780000000, 0x0000000786c80000, 0x00000007c0000000)
  eden space 66048K, 0% used [0x0000000780000000,0x0000000780000000,0x0000000784080000)
  from space 11264K, 75% used [0x0000000784080000,0x00000007848d5178,0x0000000784b80000)
  to   space 11776K, 0% used [0x0000000786100000,0x0000000786100000,0x0000000786c80000)
 ParOldGen       total 68096K, used 9417K [0x0000000700000000, 0x0000000704280000, 0x0000000780000000)
  object space 68096K, 13% used [0x0000000700000000,0x00000007009325a0,0x0000000704280000)
 Metaspace       used 34779K, capacity 35384K, committed 35496K, reserved 1079296K
  class space    used 4846K, capacity 5103K, committed 5168K, reserved 1048576K
}
Event: 4.100 GC heap before
{Heap before GC invocations=11 (full 2):
 PSYoungGen      total 77312K, used 8532K [0x0000000780000000, 0x0000000786c80000, 0x00000007c0000000)
  eden space 66048K, 0% used [0x0000000780000000,0x0000000780000000,0x0000000784080000)
  from space 11264K, 75% used [0x0000000784080000,0x00000007848d5178,0x0000000784b80000)
  to   space 11776K, 0% used [0x0000000786100000,0x0000000786100000,0x0000000786c80000)
 ParOldGen       total 68096K, used 9417K [0x0000000700000000, 0x0000000704280000, 0x0000000780000000)
  object space 68096K, 13% used [0x0000000700000000,0x00000007009325a0,0x0000000704280000)
 Metaspace       used 34779K, capacity 35384K, committed 35496K, reserved 1079296K
  class space    used 4846K, capacity 5103K, committed 5168K, reserved 1048576K
Event: 4.153 GC heap after
Heap after GC invocations=11 (full 2):
 PSYoungGen      total 77312K, used 0K [0x0000000780000000, 0x0000000786c80000, 0x00000007c0000000)
  eden space 66048K, 0% used [0x0000000780000000,0x0000000780000000,0x0000000784080000)
  from space 11264K, 0% used [0x0000000784080000,0x0000000784080000,0x0000000784b80000)
  to   space 11776K, 0% used [0x0000000786100000,0x0000000786100000,0x0000000786c80000)
 ParOldGen       total 100864K, used 15107K [0x0000000700000000, 0x0000000706280000, 0x0000000780000000)
  object space 100864K, 14% used [0x0000000700000000,0x0000000700ec0e60,0x0000000706280000)
 Metaspace       used 34779K, capacity 35384K, committed 35496K, reserved 1079296K
  class space    used 4846K, capacity 5103K, committed 5168K, reserved 1048576K
}
Event: 5.507 GC heap before
{Heap before GC invocations=12 (full 2):
 PSYoungGen      total 77312K, used 66048K [0x0000000780000000, 0x0000000786c80000, 0x00000007c0000000)
  eden space 66048K, 100% used [0x0000000780000000,0x0000000784080000,0x0000000784080000)
  from space 11264K, 0% used [0x0000000784080000,0x0000000784080000,0x0000000784b80000)
  to   space 11776K, 0% used [0x0000000786100000,0x0000000786100000,0x0000000786c80000)
 ParOldGen       total 100864K, used 15107K [0x0000000700000000, 0x0000000706280000, 0x0000000780000000)
  object space 100864K, 14% used [0x0000000700000000,0x0000000700ec0e60,0x0000000706280000)
 Metaspace       used 41809K, capacity 42546K, committed 42800K, reserved 1085440K
  class space    used 5879K, capacity 6067K, committed 6192K, reserved 1048576K
Event: 5.517 GC heap after
Heap after GC invocations=12 (full 2):
 PSYoungGen      total 91136K, used 6951K [0x0000000780000000, 0x0000000786800000, 0x00000007c0000000)
  eden space 83968K, 0% used [0x0000000780000000,0x0000000780000000,0x0000000785200000)
  from space 7168K, 96% used [0x0000000786100000,0x00000007867c9fc0,0x0000000786800000)
  to   space 11264K, 0% used [0x0000000785200000,0x0000000785200000,0x0000000785d00000)
 ParOldGen       total 100864K, used 15115K [0x0000000700000000, 0x0000000706280000, 0x0000000780000000)
  object space 100864K, 14% used [0x0000000700000000,0x0000000700ec2e60,0x0000000706280000)
 Metaspace       used 41809K, capacity 42546K, committed 42800K, reserved 1085440K
  class space    used 5879K, capacity 6067K, committed 6192K, reserved 1048576K
}
Event: 5.840 GC heap before
{Heap before GC invocations=13 (full 2):
 PSYoungGen      total 91136K, used 90919K [0x0000000780000000, 0x0000000786800000, 0x00000007c0000000)
  eden space 83968K, 100% used [0x0000000780000000,0x0000000785200000,0x0000000785200000)
  from space 7168K, 96% used [0x0000000786100000,0x00000007867c9fc0,0x0000000786800000)
  to   space 11264K, 0% used [0x0000000785200000,0x0000000785200000,0x0000000785d00000)
 ParOldGen       total 100864K, used 15115K [0x0000000700000000, 0x0000000706280000, 0x0000000780000000)
  object space 100864K, 14% used [0x0000000700000000,0x0000000700ec2e60,0x0000000706280000)
 Metaspace       used 42896K, capacity 43736K, committed 43952K, reserved 1087488K
  class space    used 6017K, capacity 6247K, committed 6320K, reserved 1048576K
Event: 5.855 GC heap after
Heap after GC invocations=13 (full 2):
 PSYoungGen      total 95232K, used 9232K [0x0000000780000000, 0x0000000788200000, 0x00000007c0000000)
  eden space 83968K, 0% used [0x0000000780000000,0x0000000780000000,0x0000000785200000)
  from space 11264K, 81% used [0x0000000785200000,0x0000000785b04060,0x0000000785d00000)
  to   space 11776K, 0% used [0x0000000787680000,0x0000000787680000,0x0000000788200000)
 ParOldGen       total 100864K, used 15123K [0x0000000700000000, 0x0000000706280000, 0x0000000780000000)
  object space 100864K, 14% used [0x0000000700000000,0x0000000700ec4e60,0x0000000706280000)
 Metaspace       used 42896K, capacity 43736K, committed 43952K, reserved 1087488K
  class space    used 6017K, capacity 6247K, committed 6320K, reserved 1048576K
}
Event: 6.309 GC heap before
{Heap before GC invocations=14 (full 2):
 PSYoungGen      total 95232K, used 77518K [0x0000000780000000, 0x0000000788200000, 0x00000007c0000000)
  eden space 83968K, 81% used [0x0000000780000000,0x00000007842afb58,0x0000000785200000)
  from space 11264K, 81% used [0x0000000785200000,0x0000000785b04060,0x0000000785d00000)
  to   space 11776K, 0% used [0x0000000787680000,0x0000000787680000,0x0000000788200000)
 ParOldGen       total 100864K, used 15123K [0x0000000700000000, 0x0000000706280000, 0x0000000780000000)
  object space 100864K, 14% used [0x0000000700000000,0x0000000700ec4e60,0x0000000706280000)
 Metaspace       used 45851K, capacity 46812K, committed 46896K, reserved 1089536K
  class space    used 6404K, capacity 6694K, committed 6704K, reserved 1048576K
Event: 6.321 GC heap after
Heap after GC invocations=14 (full 2):
 PSYoungGen      total 111104K, used 11768K [0x0000000780000000, 0x0000000789680000, 0x00000007c0000000)
  eden space 99328K, 0% used [0x0000000780000000,0x0000000780000000,0x0000000786100000)
  from space 11776K, 99% used [0x0000000787680000,0x00000007881fe2d8,0x0000000788200000)
  to   space 22016K, 0% used [0x0000000786100000,0x0000000786100000,0x0000000787680000)
 ParOldGen       total 100864K, used 40030K [0x0000000700000000, 0x0000000706280000, 0x0000000780000000)
  object space 100864K, 39% used [0x0000000700000000,0x00000007027178f0,0x0000000706280000)
 Metaspace       used 45851K, capacity 46812K, committed 46896K, reserved 1089536K
  class space    used 6404K, capacity 6694K, committed 6704K, reserved 1048576K
}

